This file contains any messages produced by compilers while
running configure, to aid debugging if configure makes a mistake.

It was created by sparsehash configure 2.0.2, which was
generated by GNU Autoconf 2.68.  Invocation command line was

  $ ./configure 

## --------- ##
## Platform. ##
## --------- ##

hostname = bogon
uname -m = x86_64
uname -r = 16.7.0
uname -s = Darwin
uname -v = Darwin Kernel Version 16.7.0: Thu Jun 15 17:36:27 PDT 2017; root:xnu-3789.70.16~2/RELEASE_X86_64

/usr/bin/uname -p = i386
/bin/uname -X     = unknown

/bin/arch              = unknown
/usr/bin/arch -k       = unknown
/usr/convex/getsysinfo = unknown
/usr/bin/hostinfo      = Mach kernel version:
	 Darwin Kernel Version 16.7.0: Thu Jun 15 17:36:27 PDT 2017; root:xnu-3789.70.16~2/RELEASE_X86_64
Kernel configured for up to 4 processors.
2 processors are physically available.
4 processors are logically available.
Processor type: x86_64h (Intel x86-64h Haswell)
Processors active: 0 1 2 3
Primary memory available: 8.00 gigabytes
Default processor set: 258 tasks, 1026 threads, 4 processors
Load average: 1.96, Mach factor: 2.03
/bin/machine           = unknown
/usr/bin/oslevel       = unknown
/bin/universe          = unknown

PATH: /Users/admin/.nvm/versions/node/v8.6.0/bin
PATH: /usr/local/bin
PATH: /usr/bin
PATH: /bin
PATH: /usr/sbin
PATH: /sbin


## ----------- ##
## Core tests. ##
## ----------- ##

configure:2422: checking for a BSD-compatible install
configure:2490: result: /usr/bin/install -c
configure:2501: checking whether build environment is sane
configure:2551: result: yes
configure:2692: checking for a thread-safe mkdir -p
configure:2731: result: ./install-sh -c -d
configure:2744: checking for gawk
configure:2774: result: no
configure:2744: checking for mawk
configure:2774: result: no
configure:2744: checking for nawk
configure:2774: result: no
configure:2744: checking for awk
configure:2760: found /usr/bin/awk
configure:2771: result: awk
configure:2782: checking whether make sets $(MAKE)
configure:2804: result: yes
configure:2946: checking for g++
configure:2962: found /usr/bin/g++
configure:2973: result: g++
configure:3000: checking for C++ compiler version
configure:3009: g++ --version >&5
Apple LLVM version 9.0.0 (clang-900.0.39.2)
Target: x86_64-apple-darwin16.7.0
Thread model: posix
InstalledDir: /Applications/Xcode.app/Contents/Developer/Toolchains/XcodeDefault.xctoolchain/usr/bin
Configured with: --prefix=/Applications/Xcode.app/Contents/Developer/usr --with-gxx-include-dir=/usr/include/c++/4.2.1
configure:3020: $? = 0
configure:3009: g++ -v >&5
Configured with: --prefix=/Applications/Xcode.app/Contents/Developer/usr --with-gxx-include-dir=/usr/include/c++/4.2.1
Apple LLVM version 9.0.0 (clang-900.0.39.2)
Target: x86_64-apple-darwin16.7.0
Thread model: posix
InstalledDir: /Applications/Xcode.app/Contents/Developer/Toolchains/XcodeDefault.xctoolchain/usr/bin
configure:3020: $? = 0
configure:3009: g++ -V >&5
clang: error: argument to '-V' is missing (expected 1 value)
clang: error: no input files
configure:3020: $? = 1
configure:3009: g++ -qversion >&5
clang: error: unknown argument: '-qversion'
clang: error: no input files
configure:3020: $? = 1
configure:3040: checking whether the C++ compiler works
configure:3062: g++    conftest.cpp  >&5
configure:3066: $? = 0
configure:3114: result: yes
configure:3117: checking for C++ compiler default output file name
configure:3119: result: a.out
configure:3125: checking for suffix of executables
configure:3132: g++ -o conftest    conftest.cpp  >&5
configure:3136: $? = 0
configure:3158: result: 
configure:3180: checking whether we are cross compiling
configure:3188: g++ -o conftest    conftest.cpp  >&5
configure:3192: $? = 0
configure:3199: ./conftest
configure:3203: $? = 0
configure:3218: result: no
configure:3223: checking for suffix of object files
configure:3245: g++ -c   conftest.cpp >&5
configure:3249: $? = 0
configure:3270: result: o
configure:3274: checking whether we are using the GNU C++ compiler
configure:3293: g++ -c   conftest.cpp >&5
configure:3293: $? = 0
configure:3302: result: yes
configure:3311: checking whether g++ accepts -g
configure:3331: g++ -c -g  conftest.cpp >&5
configure:3331: $? = 0
configure:3372: result: yes
configure:3406: checking for style of include used by make
configure:3434: result: GNU
configure:3459: checking dependency style of g++
configure:3569: result: gcc3
configure:3632: checking for gcc
configure:3648: found /usr/bin/gcc
configure:3659: result: gcc
configure:3888: checking for C compiler version
configure:3897: gcc --version >&5
Apple LLVM version 9.0.0 (clang-900.0.39.2)
Target: x86_64-apple-darwin16.7.0
Thread model: posix
InstalledDir: /Applications/Xcode.app/Contents/Developer/Toolchains/XcodeDefault.xctoolchain/usr/bin
Configured with: --prefix=/Applications/Xcode.app/Contents/Developer/usr --with-gxx-include-dir=/usr/include/c++/4.2.1
configure:3908: $? = 0
configure:3897: gcc -v >&5
Configured with: --prefix=/Applications/Xcode.app/Contents/Developer/usr --with-gxx-include-dir=/usr/include/c++/4.2.1
Apple LLVM version 9.0.0 (clang-900.0.39.2)
Target: x86_64-apple-darwin16.7.0
Thread model: posix
InstalledDir: /Applications/Xcode.app/Contents/Developer/Toolchains/XcodeDefault.xctoolchain/usr/bin
configure:3908: $? = 0
configure:3897: gcc -V >&5
clang: error: argument to '-V' is missing (expected 1 value)
clang: error: no input files
configure:3908: $? = 1
configure:3897: gcc -qversion >&5
clang: error: unknown argument: '-qversion'
clang: error: no input files
configure:3908: $? = 1
configure:3912: checking whether we are using the GNU C compiler
configure:3931: gcc -c   conftest.c >&5
configure:3931: $? = 0
configure:3940: result: yes
configure:3949: checking whether gcc accepts -g
configure:3969: gcc -c -g  conftest.c >&5
configure:3969: $? = 0
configure:4010: result: yes
configure:4027: checking for gcc option to accept ISO C89
configure:4091: gcc  -c -g -O2  conftest.c >&5
configure:4091: $? = 0
configure:4104: result: none needed
configure:4126: checking dependency style of gcc
configure:4236: result: gcc3
configure:4256: checking how to run the C preprocessor
configure:4287: gcc -E  conftest.c
configure:4287: $? = 0
configure:4301: gcc -E  conftest.c
conftest.c:11:10: fatal error: 'ac_nonexistent.h' file not found
#include <ac_nonexistent.h>
         ^~~~~~~~~~~~~~~~~~
1 error generated.
configure:4301: $? = 1
configure: failed program was:
| /* confdefs.h */
| #define PACKAGE_NAME "sparsehash"
| #define PACKAGE_TARNAME "sparsehash"
| #define PACKAGE_VERSION "2.0.2"
| #define PACKAGE_STRING "sparsehash 2.0.2"
| #define PACKAGE_BUGREPORT "google-sparsehash@googlegroups.com"
| #define PACKAGE_URL ""
| #define PACKAGE "sparsehash"
| #define VERSION "2.0.2"
| /* end confdefs.h.  */
| #include <ac_nonexistent.h>
configure:4326: result: gcc -E
configure:4346: gcc -E  conftest.c
configure:4346: $? = 0
configure:4360: gcc -E  conftest.c
conftest.c:11:10: fatal error: 'ac_nonexistent.h' file not found
#include <ac_nonexistent.h>
         ^~~~~~~~~~~~~~~~~~
1 error generated.
configure:4360: $? = 1
configure: failed program was:
| /* confdefs.h */
| #define PACKAGE_NAME "sparsehash"
| #define PACKAGE_TARNAME "sparsehash"
| #define PACKAGE_VERSION "2.0.2"
| #define PACKAGE_STRING "sparsehash 2.0.2"
| #define PACKAGE_BUGREPORT "google-sparsehash@googlegroups.com"
| #define PACKAGE_URL ""
| #define PACKAGE "sparsehash"
| #define VERSION "2.0.2"
| /* end confdefs.h.  */
| #include <ac_nonexistent.h>
configure:4400: checking for grep that handles long lines and -e
configure:4458: result: /usr/bin/grep
configure:4463: checking for egrep
configure:4525: result: /usr/bin/grep -E
configure:4530: checking for ANSI C header files
configure:4550: gcc -c -g -O2  conftest.c >&5
configure:4550: $? = 0
configure:4623: gcc -o conftest -g -O2   conftest.c  >&5
configure:4623: $? = 0
configure:4623: ./conftest
configure:4623: $? = 0
configure:4634: result: yes
configure:4645: checking for memcpy
configure:4645: gcc -o conftest -g -O2   conftest.c  >&5
conftest.c:35:6: warning: incompatible redeclaration of library function 'memcpy' [-Wincompatible-library-redeclaration]
char memcpy ();
     ^
conftest.c:35:6: note: 'memcpy' is a builtin with type 'void *(void *, const void *, unsigned long)'
1 warning generated.
configure:4645: $? = 0
configure:4645: result: yes
configure:4645: checking for memmove
configure:4645: gcc -o conftest -g -O2   conftest.c  >&5
conftest.c:36:6: warning: incompatible redeclaration of library function 'memmove' [-Wincompatible-library-redeclaration]
char memmove ();
     ^
conftest.c:36:6: note: 'memmove' is a builtin with type 'void *(void *, const void *, unsigned long)'
1 warning generated.
configure:4645: $? = 0
configure:4645: result: yes
configure:4659: checking for sys/types.h
configure:4659: gcc -c -g -O2  conftest.c >&5
configure:4659: $? = 0
configure:4659: result: yes
configure:4659: checking for sys/stat.h
configure:4659: gcc -c -g -O2  conftest.c >&5
configure:4659: $? = 0
configure:4659: result: yes
configure:4659: checking for stdlib.h
configure:4659: gcc -c -g -O2  conftest.c >&5
configure:4659: $? = 0
configure:4659: result: yes
configure:4659: checking for string.h
configure:4659: gcc -c -g -O2  conftest.c >&5
configure:4659: $? = 0
configure:4659: result: yes
configure:4659: checking for memory.h
configure:4659: gcc -c -g -O2  conftest.c >&5
configure:4659: $? = 0
configure:4659: result: yes
configure:4659: checking for strings.h
configure:4659: gcc -c -g -O2  conftest.c >&5
configure:4659: $? = 0
configure:4659: result: yes
configure:4659: checking for inttypes.h
configure:4659: gcc -c -g -O2  conftest.c >&5
configure:4659: $? = 0
configure:4659: result: yes
configure:4659: checking for stdint.h
configure:4659: gcc -c -g -O2  conftest.c >&5
configure:4659: $? = 0
configure:4659: result: yes
configure:4659: checking for unistd.h
configure:4659: gcc -c -g -O2  conftest.c >&5
configure:4659: $? = 0
configure:4659: result: yes
configure:4671: checking for uint16_t
configure:4671: gcc -c -g -O2  conftest.c >&5
configure:4671: $? = 0
configure:4671: gcc -c -g -O2  conftest.c >&5
conftest.c:59:23: error: expected expression
if (sizeof ((uint16_t)))
                      ^
1 error generated.
configure:4671: $? = 1
configure: failed program was:
| /* confdefs.h */
| #define PACKAGE_NAME "sparsehash"
| #define PACKAGE_TARNAME "sparsehash"
| #define PACKAGE_VERSION "2.0.2"
| #define PACKAGE_STRING "sparsehash 2.0.2"
| #define PACKAGE_BUGREPORT "google-sparsehash@googlegroups.com"
| #define PACKAGE_URL ""
| #define PACKAGE "sparsehash"
| #define VERSION "2.0.2"
| #define STDC_HEADERS 1
| #define HAVE_MEMCPY 1
| #define HAVE_MEMMOVE 1
| #define HAVE_SYS_TYPES_H 1
| #define HAVE_SYS_STAT_H 1
| #define HAVE_STDLIB_H 1
| #define HAVE_STRING_H 1
| #define HAVE_MEMORY_H 1
| #define HAVE_STRINGS_H 1
| #define HAVE_INTTYPES_H 1
| #define HAVE_STDINT_H 1
| #define HAVE_UNISTD_H 1
| /* end confdefs.h.  */
| #include <stdio.h>
| #ifdef HAVE_SYS_TYPES_H
| # include <sys/types.h>
| #endif
| #ifdef HAVE_SYS_STAT_H
| # include <sys/stat.h>
| #endif
| #ifdef STDC_HEADERS
| # include <stdlib.h>
| # include <stddef.h>
| #else
| # ifdef HAVE_STDLIB_H
| #  include <stdlib.h>
| # endif
| #endif
| #ifdef HAVE_STRING_H
| # if !defined STDC_HEADERS && defined HAVE_MEMORY_H
| #  include <memory.h>
| # endif
| # include <string.h>
| #endif
| #ifdef HAVE_STRINGS_H
| # include <strings.h>
| #endif
| #ifdef HAVE_INTTYPES_H
| # include <inttypes.h>
| #endif
| #ifdef HAVE_STDINT_H
| # include <stdint.h>
| #endif
| #ifdef HAVE_UNISTD_H
| # include <unistd.h>
| #endif
| int
| main ()
| {
| if (sizeof ((uint16_t)))
| 	    return 0;
|   ;
|   return 0;
| }
configure:4671: result: yes
configure:4681: checking for u_int16_t
configure:4681: gcc -c -g -O2  conftest.c >&5
configure:4681: $? = 0
configure:4681: gcc -c -g -O2  conftest.c >&5
conftest.c:60:24: error: expected expression
if (sizeof ((u_int16_t)))
                       ^
1 error generated.
configure:4681: $? = 1
configure: failed program was:
| /* confdefs.h */
| #define PACKAGE_NAME "sparsehash"
| #define PACKAGE_TARNAME "sparsehash"
| #define PACKAGE_VERSION "2.0.2"
| #define PACKAGE_STRING "sparsehash 2.0.2"
| #define PACKAGE_BUGREPORT "google-sparsehash@googlegroups.com"
| #define PACKAGE_URL ""
| #define PACKAGE "sparsehash"
| #define VERSION "2.0.2"
| #define STDC_HEADERS 1
| #define HAVE_MEMCPY 1
| #define HAVE_MEMMOVE 1
| #define HAVE_SYS_TYPES_H 1
| #define HAVE_SYS_STAT_H 1
| #define HAVE_STDLIB_H 1
| #define HAVE_STRING_H 1
| #define HAVE_MEMORY_H 1
| #define HAVE_STRINGS_H 1
| #define HAVE_INTTYPES_H 1
| #define HAVE_STDINT_H 1
| #define HAVE_UNISTD_H 1
| #define HAVE_UINT16_T 1
| /* end confdefs.h.  */
| #include <stdio.h>
| #ifdef HAVE_SYS_TYPES_H
| # include <sys/types.h>
| #endif
| #ifdef HAVE_SYS_STAT_H
| # include <sys/stat.h>
| #endif
| #ifdef STDC_HEADERS
| # include <stdlib.h>
| # include <stddef.h>
| #else
| # ifdef HAVE_STDLIB_H
| #  include <stdlib.h>
| # endif
| #endif
| #ifdef HAVE_STRING_H
| # if !defined STDC_HEADERS && defined HAVE_MEMORY_H
| #  include <memory.h>
| # endif
| # include <string.h>
| #endif
| #ifdef HAVE_STRINGS_H
| # include <strings.h>
| #endif
| #ifdef HAVE_INTTYPES_H
| # include <inttypes.h>
| #endif
| #ifdef HAVE_STDINT_H
| # include <stdint.h>
| #endif
| #ifdef HAVE_UNISTD_H
| # include <unistd.h>
| #endif
| int
| main ()
| {
| if (sizeof ((u_int16_t)))
| 	    return 0;
|   ;
|   return 0;
| }
configure:4681: result: yes
configure:4691: checking for __uint16
configure:4691: gcc -c -g -O2  conftest.c >&5
conftest.c:61:13: error: use of undeclared identifier '__uint16'
if (sizeof (__uint16))
            ^
1 error generated.
configure:4691: $? = 1
configure: failed program was:
| /* confdefs.h */
| #define PACKAGE_NAME "sparsehash"
| #define PACKAGE_TARNAME "sparsehash"
| #define PACKAGE_VERSION "2.0.2"
| #define PACKAGE_STRING "sparsehash 2.0.2"
| #define PACKAGE_BUGREPORT "google-sparsehash@googlegroups.com"
| #define PACKAGE_URL ""
| #define PACKAGE "sparsehash"
| #define VERSION "2.0.2"
| #define STDC_HEADERS 1
| #define HAVE_MEMCPY 1
| #define HAVE_MEMMOVE 1
| #define HAVE_SYS_TYPES_H 1
| #define HAVE_SYS_STAT_H 1
| #define HAVE_STDLIB_H 1
| #define HAVE_STRING_H 1
| #define HAVE_MEMORY_H 1
| #define HAVE_STRINGS_H 1
| #define HAVE_INTTYPES_H 1
| #define HAVE_STDINT_H 1
| #define HAVE_UNISTD_H 1
| #define HAVE_UINT16_T 1
| #define HAVE_U_INT16_T 1
| /* end confdefs.h.  */
| #include <stdio.h>
| #ifdef HAVE_SYS_TYPES_H
| # include <sys/types.h>
| #endif
| #ifdef HAVE_SYS_STAT_H
| # include <sys/stat.h>
| #endif
| #ifdef STDC_HEADERS
| # include <stdlib.h>
| # include <stddef.h>
| #else
| # ifdef HAVE_STDLIB_H
| #  include <stdlib.h>
| # endif
| #endif
| #ifdef HAVE_STRING_H
| # if !defined STDC_HEADERS && defined HAVE_MEMORY_H
| #  include <memory.h>
| # endif
| # include <string.h>
| #endif
| #ifdef HAVE_STRINGS_H
| # include <strings.h>
| #endif
| #ifdef HAVE_INTTYPES_H
| # include <inttypes.h>
| #endif
| #ifdef HAVE_STDINT_H
| # include <stdint.h>
| #endif
| #ifdef HAVE_UNISTD_H
| # include <unistd.h>
| #endif
| int
| main ()
| {
| if (sizeof (__uint16))
| 	 return 0;
|   ;
|   return 0;
| }
configure:4691: result: no
configure:4701: checking for long long
configure:4701: gcc -c -g -O2  conftest.c >&5
configure:4701: $? = 0
configure:4701: gcc -c -g -O2  conftest.c >&5
conftest.c:61:24: error: expected expression
if (sizeof ((long long)))
                       ^
1 error generated.
configure:4701: $? = 1
configure: failed program was:
| /* confdefs.h */
| #define PACKAGE_NAME "sparsehash"
| #define PACKAGE_TARNAME "sparsehash"
| #define PACKAGE_VERSION "2.0.2"
| #define PACKAGE_STRING "sparsehash 2.0.2"
| #define PACKAGE_BUGREPORT "google-sparsehash@googlegroups.com"
| #define PACKAGE_URL ""
| #define PACKAGE "sparsehash"
| #define VERSION "2.0.2"
| #define STDC_HEADERS 1
| #define HAVE_MEMCPY 1
| #define HAVE_MEMMOVE 1
| #define HAVE_SYS_TYPES_H 1
| #define HAVE_SYS_STAT_H 1
| #define HAVE_STDLIB_H 1
| #define HAVE_STRING_H 1
| #define HAVE_MEMORY_H 1
| #define HAVE_STRINGS_H 1
| #define HAVE_INTTYPES_H 1
| #define HAVE_STDINT_H 1
| #define HAVE_UNISTD_H 1
| #define HAVE_UINT16_T 1
| #define HAVE_U_INT16_T 1
| /* end confdefs.h.  */
| #include <stdio.h>
| #ifdef HAVE_SYS_TYPES_H
| # include <sys/types.h>
| #endif
| #ifdef HAVE_SYS_STAT_H
| # include <sys/stat.h>
| #endif
| #ifdef STDC_HEADERS
| # include <stdlib.h>
| # include <stddef.h>
| #else
| # ifdef HAVE_STDLIB_H
| #  include <stdlib.h>
| # endif
| #endif
| #ifdef HAVE_STRING_H
| # if !defined STDC_HEADERS && defined HAVE_MEMORY_H
| #  include <memory.h>
| # endif
| # include <string.h>
| #endif
| #ifdef HAVE_STRINGS_H
| # include <strings.h>
| #endif
| #ifdef HAVE_INTTYPES_H
| # include <inttypes.h>
| #endif
| #ifdef HAVE_STDINT_H
| # include <stdint.h>
| #endif
| #ifdef HAVE_UNISTD_H
| # include <unistd.h>
| #endif
| int
| main ()
| {
| if (sizeof ((long long)))
| 	    return 0;
|   ;
|   return 0;
| }
configure:4701: result: yes
configure:4716: checking sys/resource.h usability
configure:4716: gcc -c -g -O2  conftest.c >&5
configure:4716: $? = 0
configure:4716: result: yes
configure:4716: checking sys/resource.h presence
configure:4716: gcc -E  conftest.c
configure:4716: $? = 0
configure:4716: result: yes
configure:4716: checking for sys/resource.h
configure:4716: result: yes
configure:4716: checking for unistd.h
configure:4716: result: yes
configure:4716: checking sys/time.h usability
configure:4716: gcc -c -g -O2  conftest.c >&5
configure:4716: $? = 0
configure:4716: result: yes
configure:4716: checking sys/time.h presence
configure:4716: gcc -E  conftest.c
configure:4716: $? = 0
configure:4716: result: yes
configure:4716: checking for sys/time.h
configure:4716: result: yes
configure:4716: checking sys/utsname.h usability
configure:4716: gcc -c -g -O2  conftest.c >&5
configure:4716: $? = 0
configure:4716: result: yes
configure:4716: checking sys/utsname.h presence
configure:4716: gcc -E  conftest.c
configure:4716: $? = 0
configure:4716: result: yes
configure:4716: checking for sys/utsname.h
configure:4716: result: yes
configure:4742: checking how to run the C++ preprocessor
configure:4769: g++ -E  conftest.cpp
configure:4769: $? = 0
configure:4783: g++ -E  conftest.cpp
conftest.cpp:30:10: fatal error: 'ac_nonexistent.h' file not found
#include <ac_nonexistent.h>
         ^~~~~~~~~~~~~~~~~~
1 error generated.
configure:4783: $? = 1
configure: failed program was:
| /* confdefs.h */
| #define PACKAGE_NAME "sparsehash"
| #define PACKAGE_TARNAME "sparsehash"
| #define PACKAGE_VERSION "2.0.2"
| #define PACKAGE_STRING "sparsehash 2.0.2"
| #define PACKAGE_BUGREPORT "google-sparsehash@googlegroups.com"
| #define PACKAGE_URL ""
| #define PACKAGE "sparsehash"
| #define VERSION "2.0.2"
| #define STDC_HEADERS 1
| #define HAVE_MEMCPY 1
| #define HAVE_MEMMOVE 1
| #define HAVE_SYS_TYPES_H 1
| #define HAVE_SYS_STAT_H 1
| #define HAVE_STDLIB_H 1
| #define HAVE_STRING_H 1
| #define HAVE_MEMORY_H 1
| #define HAVE_STRINGS_H 1
| #define HAVE_INTTYPES_H 1
| #define HAVE_STDINT_H 1
| #define HAVE_UNISTD_H 1
| #define HAVE_UINT16_T 1
| #define HAVE_U_INT16_T 1
| #define HAVE_LONG_LONG 1
| #define HAVE_SYS_RESOURCE_H 1
| #define HAVE_UNISTD_H 1
| #define HAVE_SYS_TIME_H 1
| #define HAVE_SYS_UTSNAME_H 1
| /* end confdefs.h.  */
| #include <ac_nonexistent.h>
configure:4808: result: g++ -E
configure:4828: g++ -E  conftest.cpp
configure:4828: $? = 0
configure:4842: g++ -E  conftest.cpp
conftest.cpp:30:10: fatal error: 'ac_nonexistent.h' file not found
#include <ac_nonexistent.h>
         ^~~~~~~~~~~~~~~~~~
1 error generated.
configure:4842: $? = 1
configure: failed program was:
| /* confdefs.h */
| #define PACKAGE_NAME "sparsehash"
| #define PACKAGE_TARNAME "sparsehash"
| #define PACKAGE_VERSION "2.0.2"
| #define PACKAGE_STRING "sparsehash 2.0.2"
| #define PACKAGE_BUGREPORT "google-sparsehash@googlegroups.com"
| #define PACKAGE_URL ""
| #define PACKAGE "sparsehash"
| #define VERSION "2.0.2"
| #define STDC_HEADERS 1
| #define HAVE_MEMCPY 1
| #define HAVE_MEMMOVE 1
| #define HAVE_SYS_TYPES_H 1
| #define HAVE_SYS_STAT_H 1
| #define HAVE_STDLIB_H 1
| #define HAVE_STRING_H 1
| #define HAVE_MEMORY_H 1
| #define HAVE_STRINGS_H 1
| #define HAVE_INTTYPES_H 1
| #define HAVE_STDINT_H 1
| #define HAVE_UNISTD_H 1
| #define HAVE_UINT16_T 1
| #define HAVE_U_INT16_T 1
| #define HAVE_LONG_LONG 1
| #define HAVE_SYS_RESOURCE_H 1
| #define HAVE_UNISTD_H 1
| #define HAVE_SYS_TIME_H 1
| #define HAVE_SYS_UTSNAME_H 1
| /* end confdefs.h.  */
| #include <ac_nonexistent.h>
configure:4873: checking google/malloc_extension.h usability
configure:4873: g++ -c -g -O2  conftest.cpp >&5
conftest.cpp:63:10: fatal error: 'google/malloc_extension.h' file not found
#include <google/malloc_extension.h>
         ^~~~~~~~~~~~~~~~~~~~~~~~~~~
1 error generated.
configure:4873: $? = 1
configure: failed program was:
| /* confdefs.h */
| #define PACKAGE_NAME "sparsehash"
| #define PACKAGE_TARNAME "sparsehash"
| #define PACKAGE_VERSION "2.0.2"
| #define PACKAGE_STRING "sparsehash 2.0.2"
| #define PACKAGE_BUGREPORT "google-sparsehash@googlegroups.com"
| #define PACKAGE_URL ""
| #define PACKAGE "sparsehash"
| #define VERSION "2.0.2"
| #define STDC_HEADERS 1
| #define HAVE_MEMCPY 1
| #define HAVE_MEMMOVE 1
| #define HAVE_SYS_TYPES_H 1
| #define HAVE_SYS_STAT_H 1
| #define HAVE_STDLIB_H 1
| #define HAVE_STRING_H 1
| #define HAVE_MEMORY_H 1
| #define HAVE_STRINGS_H 1
| #define HAVE_INTTYPES_H 1
| #define HAVE_STDINT_H 1
| #define HAVE_UNISTD_H 1
| #define HAVE_UINT16_T 1
| #define HAVE_U_INT16_T 1
| #define HAVE_LONG_LONG 1
| #define HAVE_SYS_RESOURCE_H 1
| #define HAVE_UNISTD_H 1
| #define HAVE_SYS_TIME_H 1
| #define HAVE_SYS_UTSNAME_H 1
| /* end confdefs.h.  */
| #include <stdio.h>
| #ifdef HAVE_SYS_TYPES_H
| # include <sys/types.h>
| #endif
| #ifdef HAVE_SYS_STAT_H
| # include <sys/stat.h>
| #endif
| #ifdef STDC_HEADERS
| # include <stdlib.h>
| # include <stddef.h>
| #else
| # ifdef HAVE_STDLIB_H
| #  include <stdlib.h>
| # endif
| #endif
| #ifdef HAVE_STRING_H
| # if !defined STDC_HEADERS && defined HAVE_MEMORY_H
| #  include <memory.h>
| # endif
| # include <string.h>
| #endif
| #ifdef HAVE_STRINGS_H
| # include <strings.h>
| #endif
| #ifdef HAVE_INTTYPES_H
| # include <inttypes.h>
| #endif
| #ifdef HAVE_STDINT_H
| # include <stdint.h>
| #endif
| #ifdef HAVE_UNISTD_H
| # include <unistd.h>
| #endif
| #include <google/malloc_extension.h>
configure:4873: result: no
configure:4873: checking google/malloc_extension.h presence
configure:4873: g++ -E  conftest.cpp
conftest.cpp:30:10: fatal error: 'google/malloc_extension.h' file not found
#include <google/malloc_extension.h>
         ^~~~~~~~~~~~~~~~~~~~~~~~~~~
1 error generated.
configure:4873: $? = 1
configure: failed program was:
| /* confdefs.h */
| #define PACKAGE_NAME "sparsehash"
| #define PACKAGE_TARNAME "sparsehash"
| #define PACKAGE_VERSION "2.0.2"
| #define PACKAGE_STRING "sparsehash 2.0.2"
| #define PACKAGE_BUGREPORT "google-sparsehash@googlegroups.com"
| #define PACKAGE_URL ""
| #define PACKAGE "sparsehash"
| #define VERSION "2.0.2"
| #define STDC_HEADERS 1
| #define HAVE_MEMCPY 1
| #define HAVE_MEMMOVE 1
| #define HAVE_SYS_TYPES_H 1
| #define HAVE_SYS_STAT_H 1
| #define HAVE_STDLIB_H 1
| #define HAVE_STRING_H 1
| #define HAVE_MEMORY_H 1
| #define HAVE_STRINGS_H 1
| #define HAVE_INTTYPES_H 1
| #define HAVE_STDINT_H 1
| #define HAVE_UNISTD_H 1
| #define HAVE_UINT16_T 1
| #define HAVE_U_INT16_T 1
| #define HAVE_LONG_LONG 1
| #define HAVE_SYS_RESOURCE_H 1
| #define HAVE_UNISTD_H 1
| #define HAVE_SYS_TIME_H 1
| #define HAVE_SYS_UTSNAME_H 1
| /* end confdefs.h.  */
| #include <google/malloc_extension.h>
configure:4873: result: no
configure:4873: checking for google/malloc_extension.h
configure:4873: result: no
configure:5561: checking whether the compiler implements namespaces
configure:5585: g++ -c -g -O2  conftest.cpp >&5
configure:5585: $? = 0
configure:5598: result: yes
configure:5606: checking the location of hash_map
configure:5632: g++ -c -g -O2  conftest.cpp >&5
configure:5632: $? = 0
configure:5654: g++ -c -g -O2  conftest.cpp >&5
configure:5654: $? = 0
configure:5715: result: <unordered_map>
configure:5725: checking how to include hash_fun directly
configure:5751: g++ -c -g -O2  conftest.cpp >&5
configure:5751: $? = 0
configure:5773: result: <functional>
configure:5973: creating ./config.status

## ---------------------- ##
## Running config.status. ##
## ---------------------- ##

This file was extended by sparsehash config.status 2.0.2, which was
generated by GNU Autoconf 2.68.  Invocation command line was

  CONFIG_FILES    = 
  CONFIG_HEADERS  = 
  CONFIG_LINKS    = 
  CONFIG_COMMANDS = 
  $ ./config.status 

on bogon

config.status:905: creating Makefile
config.status:905: creating src/config.h
config.status:1134: executing depfiles commands

## ---------------- ##
## Cache variables. ##
## ---------------- ##

ac_cv_c_compiler_gnu=yes
ac_cv_cxx_compiler_gnu=yes
ac_cv_cxx_hash_map='<unordered_map>'
ac_cv_cxx_hash_namespace=std
ac_cv_cxx_hash_set='<unordered_set>'
ac_cv_cxx_have_unordered_map=yes
ac_cv_cxx_namespaces=yes
ac_cv_cxx_stl_hash_fun='<functional>'
ac_cv_env_CCC_set=
ac_cv_env_CCC_value=
ac_cv_env_CC_set=
ac_cv_env_CC_value=
ac_cv_env_CFLAGS_set=
ac_cv_env_CFLAGS_value=
ac_cv_env_CPPFLAGS_set=
ac_cv_env_CPPFLAGS_value=
ac_cv_env_CPP_set=
ac_cv_env_CPP_value=
ac_cv_env_CXXCPP_set=
ac_cv_env_CXXCPP_value=
ac_cv_env_CXXFLAGS_set=
ac_cv_env_CXXFLAGS_value=
ac_cv_env_CXX_set=
ac_cv_env_CXX_value=
ac_cv_env_LDFLAGS_set=
ac_cv_env_LDFLAGS_value=
ac_cv_env_LIBS_set=
ac_cv_env_LIBS_value=
ac_cv_env_build_alias_set=
ac_cv_env_build_alias_value=
ac_cv_env_host_alias_set=
ac_cv_env_host_alias_value=
ac_cv_env_target_alias_set=
ac_cv_env_target_alias_value=
ac_cv_func_memcpy=yes
ac_cv_func_memmove=yes
ac_cv_header_google_malloc_extension_h=no
ac_cv_header_inttypes_h=yes
ac_cv_header_memory_h=yes
ac_cv_header_stdc=yes
ac_cv_header_stdint_h=yes
ac_cv_header_stdlib_h=yes
ac_cv_header_string_h=yes
ac_cv_header_strings_h=yes
ac_cv_header_sys_resource_h=yes
ac_cv_header_sys_stat_h=yes
ac_cv_header_sys_time_h=yes
ac_cv_header_sys_types_h=yes
ac_cv_header_sys_utsname_h=yes
ac_cv_header_unistd_h=yes
ac_cv_objext=o
ac_cv_path_EGREP='/usr/bin/grep -E'
ac_cv_path_GREP=/usr/bin/grep
ac_cv_path_install='/usr/bin/install -c'
ac_cv_prog_AWK=awk
ac_cv_prog_CPP='gcc -E'
ac_cv_prog_CXXCPP='g++ -E'
ac_cv_prog_ac_ct_CC=gcc
ac_cv_prog_ac_ct_CXX=g++
ac_cv_prog_cc_c89=
ac_cv_prog_cc_g=yes
ac_cv_prog_cxx_g=yes
ac_cv_prog_make_make_set=yes
ac_cv_type___uint16=no
ac_cv_type_long_long=yes
ac_cv_type_u_int16_t=yes
ac_cv_type_uint16_t=yes
am_cv_CC_dependencies_compiler_type=gcc3
am_cv_CXX_dependencies_compiler_type=gcc3

## ----------------- ##
## Output variables. ##
## ----------------- ##

ACLOCAL='${SHELL} /Users/admin/Programming/sparsehash/sparsehash/missing --run aclocal-1.11'
AMDEPBACKSLASH='\'
AMDEP_FALSE='#'
AMDEP_TRUE=''
AMTAR='${SHELL} /Users/admin/Programming/sparsehash/sparsehash/missing --run tar'
AUTOCONF='${SHELL} /Users/admin/Programming/sparsehash/sparsehash/missing --run autoconf'
AUTOHEADER='${SHELL} /Users/admin/Programming/sparsehash/sparsehash/missing --run autoheader'
AUTOMAKE='${SHELL} /Users/admin/Programming/sparsehash/sparsehash/missing --run automake-1.11'
AWK='awk'
CC='gcc'
CCDEPMODE='depmode=gcc3'
CFLAGS='-g -O2'
CPP='gcc -E'
CPPFLAGS=''
CXX='g++'
CXXCPP='g++ -E'
CXXDEPMODE='depmode=gcc3'
CXXFLAGS='-g -O2'
CYGPATH_W='echo'
DEFS='-DHAVE_CONFIG_H'
DEPDIR='.deps'
ECHO_C='\c'
ECHO_N=''
ECHO_T=''
EGREP='/usr/bin/grep -E'
EXEEXT=''
GCC_FALSE='#'
GCC_TRUE=''
GREP='/usr/bin/grep'
INSTALL_DATA='${INSTALL} -m 644'
INSTALL_PROGRAM='${INSTALL}'
INSTALL_SCRIPT='${INSTALL}'
INSTALL_STRIP_PROGRAM='$(install_sh) -c -s'
LDFLAGS=''
LIBOBJS=''
LIBS=''
LTLIBOBJS=''
MAKEINFO='${SHELL} /Users/admin/Programming/sparsehash/sparsehash/missing --run makeinfo'
MKDIR_P='./install-sh -c -d'
OBJEXT='o'
PACKAGE='sparsehash'
PACKAGE_BUGREPORT='google-sparsehash@googlegroups.com'
PACKAGE_NAME='sparsehash'
PACKAGE_STRING='sparsehash 2.0.2'
PACKAGE_TARNAME='sparsehash'
PACKAGE_URL=''
PACKAGE_VERSION='2.0.2'
PATH_SEPARATOR=':'
PTHREAD_CC=''
PTHREAD_CFLAGS=''
PTHREAD_LIBS=''
SET_MAKE=''
SHELL='/bin/sh'
STRIP=''
VERSION='2.0.2'
ac_ct_CC='gcc'
ac_ct_CXX='g++'
acx_pthread_config=''
am__EXEEXT_FALSE=''
am__EXEEXT_TRUE='#'
am__fastdepCC_FALSE='#'
am__fastdepCC_TRUE=''
am__fastdepCXX_FALSE='#'
am__fastdepCXX_TRUE=''
am__include='include'
am__isrc=''
am__leading_dot='.'
am__quote=''
am__tar='${AMTAR} chof - "$$tardir"'
am__untar='${AMTAR} xf -'
bindir='${exec_prefix}/bin'
build=''
build_alias=''
build_cpu=''
build_os=''
build_vendor=''
datadir='${datarootdir}'
datarootdir='${prefix}/share'
docdir='${datarootdir}/doc/${PACKAGE_TARNAME}'
dvidir='${docdir}'
exec_prefix='${prefix}'
host=''
host_alias=''
host_cpu=''
host_os=''
host_vendor=''
htmldir='${docdir}'
includedir='${prefix}/include'
infodir='${datarootdir}/info'
install_sh='${SHELL} /Users/admin/Programming/sparsehash/sparsehash/install-sh'
libdir='${exec_prefix}/lib'
libexecdir='${exec_prefix}/libexec'
localedir='${datarootdir}/locale'
localstatedir='${prefix}/var'
mandir='${datarootdir}/man'
mkdir_p='$(top_builddir)/./install-sh -c -d'
oldincludedir='/usr/include'
pdfdir='${docdir}'
prefix='/usr/local'
program_transform_name='s,x,x,'
psdir='${docdir}'
sbindir='${exec_prefix}/sbin'
sharedstatedir='${prefix}/com'
sysconfdir='${prefix}/etc'
target_alias=''
tcmalloc_flags=''
tcmalloc_libs=''

## ----------- ##
## confdefs.h. ##
## ----------- ##

/* confdefs.h */
#define PACKAGE_NAME "sparsehash"
#define PACKAGE_TARNAME "sparsehash"
#define PACKAGE_VERSION "2.0.2"
#define PACKAGE_STRING "sparsehash 2.0.2"
#define PACKAGE_BUGREPORT "google-sparsehash@googlegroups.com"
#define PACKAGE_URL ""
#define PACKAGE "sparsehash"
#define VERSION "2.0.2"
#define STDC_HEADERS 1
#define HAVE_MEMCPY 1
#define HAVE_MEMMOVE 1
#define HAVE_SYS_TYPES_H 1
#define HAVE_SYS_STAT_H 1
#define HAVE_STDLIB_H 1
#define HAVE_STRING_H 1
#define HAVE_MEMORY_H 1
#define HAVE_STRINGS_H 1
#define HAVE_INTTYPES_H 1
#define HAVE_STDINT_H 1
#define HAVE_UNISTD_H 1
#define HAVE_UINT16_T 1
#define HAVE_U_INT16_T 1
#define HAVE_LONG_LONG 1
#define HAVE_SYS_RESOURCE_H 1
#define HAVE_UNISTD_H 1
#define HAVE_SYS_TIME_H 1
#define HAVE_SYS_UTSNAME_H 1
#define HAVE_NAMESPACES 1
#define HAVE_HASH_MAP 1
#define HAVE_HASH_SET 1
#define HASH_MAP_H <unordered_map>
#define HASH_SET_H <unordered_set>
#define HASH_NAMESPACE std
#define HAVE_UNORDERED_MAP 1
#define HASH_FUN_H <functional>
#define HASH_NAMESPACE std
#define GOOGLE_NAMESPACE ::google
#define _START_GOOGLE_NAMESPACE_ namespace google {
#define _END_GOOGLE_NAMESPACE_ }
#define SPARSEHASH_HASH_NO_NAMESPACE hash
#define SPARSEHASH_HASH HASH_NAMESPACE::hash

configure: exit 0
